c:\users\junyoung kim\desktop\assignment_3.1\assignment_3_1\assignment_3_1\debug\vc141.pdb
c:\users\junyoung kim\desktop\assignment_3.1\assignment_3_1\assignment_3_1\debug\vc141.idb
c:\users\junyoung kim\desktop\assignment_3.1\assignment_3_1\assignment_3_1\debug\assignment_3_1.obj
c:\users\junyoung kim\desktop\assignment_3.1\assignment_3_1\assignment_3_1\debug\bombtile.obj
c:\users\junyoung kim\desktop\assignment_3.1\assignment_3_1\assignment_3_1\debug\world.obj
c:\users\junyoung kim\desktop\assignment_3.1\assignment_3_1\assignment_3_1\debug\mimictile.obj
c:\users\junyoung kim\desktop\assignment_3.1\assignment_3_1\assignment_3_1\debug\endtile.obj
c:\users\junyoung kim\desktop\assignment_3.1\assignment_3_1\assignment_3_1\debug\player.obj
c:\users\junyoung kim\desktop\assignment_3.1\assignment_3_1\assignment_3_1\debug\enemy.obj
c:\users\junyoung kim\desktop\assignment_3.1\assignment_3_1\assignment_3_1\debug\floortile.obj
c:\users\junyoung kim\desktop\assignment_3.1\assignment_3_1\assignment_3_1\debug\treasuretile.obj
c:\users\junyoung kim\desktop\assignment_3.1\assignment_3_1\assignment_3_1\debug\character.obj
c:\users\junyoung kim\desktop\assignment_3.1\assignment_3_1\debug\assignment_3_1.exe
c:\users\junyoung kim\desktop\assignment_3.1\assignment_3_1\debug\assignment_3_1.ilk
c:\users\junyoung kim\desktop\assignment_3.1\assignment_3_1\debug\assignment_3_1.pdb
c:\users\junyoung kim\desktop\assignment_3.1\assignment_3_1\assignment_3_1\debug\assignment_3_1.tlog\cl.command.1.tlog
c:\users\junyoung kim\desktop\assignment_3.1\assignment_3_1\assignment_3_1\debug\assignment_3_1.tlog\cl.read.1.tlog
c:\users\junyoung kim\desktop\assignment_3.1\assignment_3_1\assignment_3_1\debug\assignment_3_1.tlog\cl.write.1.tlog
c:\users\junyoung kim\desktop\assignment_3.1\assignment_3_1\assignment_3_1\debug\assignment_3_1.tlog\link.command.1.tlog
c:\users\junyoung kim\desktop\assignment_3.1\assignment_3_1\assignment_3_1\debug\assignment_3_1.tlog\link.read.1.tlog
c:\users\junyoung kim\desktop\assignment_3.1\assignment_3_1\assignment_3_1\debug\assignment_3_1.tlog\link.write.1.tlog
